<?xml version="1.0" encoding="UTF-8"?>
<testng-results ignored="0" total="6" passed="5" failed="1" skipped="0">
  <reporter-output>
  </reporter-output>
  <suite started-at="2022-04-14T19:59:23 EET" name="Default suite" finished-at="2022-04-14T20:01:09 EET" duration-ms="106309">
    <groups>
    </groups>
    <test started-at="2022-04-14T19:59:23 EET" name="Default test" finished-at="2022-04-14T20:01:09 EET" duration-ms="106309">
      <class name="tests.CreateOrderEndToEndTest">
        <test-method is-config="true" signature="StartDriver()[pri:0, instance:tests.CreateOrderEndToEndTest@1b1426f4]" started-at="2022-04-14T19:59:15 EET" name="StartDriver" finished-at="2022-04-14T19:59:23 EET" duration-ms="7681" status="PASS">
          <reporter-output>
          </reporter-output>
        </test-method> <!-- StartDriver -->
        <test-method signature="orderSuccessConfirmationTxt()[pri:0, instance:tests.CreateOrderEndToEndTest@1b1426f4]" started-at="2022-04-14T19:59:23 EET" name="orderSuccessConfirmationTxt" finished-at="2022-04-14T19:59:33 EET" duration-ms="10204" status="FAIL">
          <exception class="org.openqa.selenium.NoSuchElementException">
            <message>
              <![CDATA[no such element: Unable to locate element: {"method":"xpath","selector":"//label[text()= 'Order Created']"}
  (Session info: chrome=100.0.4896.88)
For documentation on this error, please visit: https://www.seleniumhq.org/exceptions/no_such_element.html
Build info: version: '3.141.59', revision: 'e82be7d358', time: '2018-11-14T08:17:03'
System info: host: 'DESKTOP-RQA8NQN', ip: '192.168.8.105', os.name: 'Windows 10', os.arch: 'amd64', os.version: '10.0', java.version: '17.0.1'
Driver info: org.openqa.selenium.chrome.ChromeDriver
Capabilities {acceptInsecureCerts: false, browserName: chrome, browserVersion: 100.0.4896.88, chrome: {chromedriverVersion: 99.0.4844.51 (d537ec02474b5..., userDataDir: C:\Users\Dell\AppData\Local...}, goog:chromeOptions: {debuggerAddress: localhost:49764}, javascriptEnabled: true, networkConnectionEnabled: false, pageLoadStrategy: normal, platform: WINDOWS, platformName: WINDOWS, proxy: Proxy(), setWindowRect: true, strictFileInteractability: false, timeouts: {implicit: 0, pageLoad: 300000, script: 30000}, unhandledPromptBehavior: dismiss and notify, webauthn:extension:credBlob: true, webauthn:extension:largeBlob: true, webauthn:virtualAuthenticators: true}
Session ID: fa3995787cac9f17bda78b04fad4824b
*** Element info: {Using=xpath, value=//label[text()= 'Order Created']}]]>
            </message>
            <full-stacktrace>
              <![CDATA[org.openqa.selenium.NoSuchElementException: no such element: Unable to locate element: {"method":"xpath","selector":"//label[text()= 'Order Created']"}
  (Session info: chrome=100.0.4896.88)
For documentation on this error, please visit: https://www.seleniumhq.org/exceptions/no_such_element.html
Build info: version: '3.141.59', revision: 'e82be7d358', time: '2018-11-14T08:17:03'
System info: host: 'DESKTOP-RQA8NQN', ip: '192.168.8.105', os.name: 'Windows 10', os.arch: 'amd64', os.version: '10.0', java.version: '17.0.1'
Driver info: org.openqa.selenium.chrome.ChromeDriver
Capabilities {acceptInsecureCerts: false, browserName: chrome, browserVersion: 100.0.4896.88, chrome: {chromedriverVersion: 99.0.4844.51 (d537ec02474b5..., userDataDir: C:\Users\Dell\AppData\Local...}, goog:chromeOptions: {debuggerAddress: localhost:49764}, javascriptEnabled: true, networkConnectionEnabled: false, pageLoadStrategy: normal, platform: WINDOWS, platformName: WINDOWS, proxy: Proxy(), setWindowRect: true, strictFileInteractability: false, timeouts: {implicit: 0, pageLoad: 300000, script: 30000}, unhandledPromptBehavior: dismiss and notify, webauthn:extension:credBlob: true, webauthn:extension:largeBlob: true, webauthn:virtualAuthenticators: true}
Session ID: fa3995787cac9f17bda78b04fad4824b
*** Element info: {Using=xpath, value=//label[text()= 'Order Created']}
at java.base/jdk.internal.reflect.NativeConstructorAccessorImpl.newInstance0(Native Method)
at java.base/jdk.internal.reflect.NativeConstructorAccessorImpl.newInstance(NativeConstructorAccessorImpl.java:77)
at java.base/jdk.internal.reflect.DelegatingConstructorAccessorImpl.newInstance(DelegatingConstructorAccessorImpl.java:45)
at java.base/java.lang.reflect.Constructor.newInstanceWithCaller(Constructor.java:499)
at java.base/java.lang.reflect.Constructor.newInstance(Constructor.java:480)
at org.openqa.selenium.remote.http.W3CHttpResponseCodec.createException(W3CHttpResponseCodec.java:187)
at org.openqa.selenium.remote.http.W3CHttpResponseCodec.decode(W3CHttpResponseCodec.java:122)
at org.openqa.selenium.remote.http.W3CHttpResponseCodec.decode(W3CHttpResponseCodec.java:49)
at org.openqa.selenium.remote.HttpCommandExecutor.execute(HttpCommandExecutor.java:158)
at org.openqa.selenium.remote.service.DriverCommandExecutor.execute(DriverCommandExecutor.java:83)
at org.openqa.selenium.remote.RemoteWebDriver.execute(RemoteWebDriver.java:552)
at org.openqa.selenium.remote.RemoteWebDriver.findElement(RemoteWebDriver.java:323)
at org.openqa.selenium.remote.RemoteWebDriver.findElementByXPath(RemoteWebDriver.java:428)
at org.openqa.selenium.By$ByXPath.findElement(By.java:353)
at org.openqa.selenium.remote.RemoteWebDriver.findElement(RemoteWebDriver.java:315)
at org.openqa.selenium.support.pagefactory.DefaultElementLocator.findElement(DefaultElementLocator.java:69)
at org.openqa.selenium.support.pagefactory.internal.LocatingElementHandler.invoke(LocatingElementHandler.java:38)
at jdk.proxy2/jdk.proxy2.$Proxy13.isDisplayed(Unknown Source)
at pages.PageBase.Dispaly(PageBase.java:33)
at pages.OrderSuccesConfirmation.orderSuccessConfirmationTxt(OrderSuccesConfirmation.java:26)
at tests.CreateOrderEndToEndTest.orderSuccessConfirmationTxt(CreateOrderEndToEndTest.java:128)
at java.base/jdk.internal.reflect.NativeMethodAccessorImpl.invoke0(Native Method)
at java.base/jdk.internal.reflect.NativeMethodAccessorImpl.invoke(NativeMethodAccessorImpl.java:77)
at java.base/jdk.internal.reflect.DelegatingMethodAccessorImpl.invoke(DelegatingMethodAccessorImpl.java:43)
at java.base/java.lang.reflect.Method.invoke(Method.java:568)
at org.testng.internal.MethodInvocationHelper.invokeMethod(MethodInvocationHelper.java:133)
at org.testng.internal.TestInvoker.invokeMethod(TestInvoker.java:598)
at org.testng.internal.TestInvoker.invokeTestMethod(TestInvoker.java:173)
at org.testng.internal.MethodRunner.runInSequence(MethodRunner.java:46)
at org.testng.internal.TestInvoker$MethodInvocationAgent.invoke(TestInvoker.java:824)
at org.testng.internal.TestInvoker.invokeTestMethods(TestInvoker.java:146)
at org.testng.internal.TestMethodWorker.invokeTestMethods(TestMethodWorker.java:146)
at org.testng.internal.TestMethodWorker.run(TestMethodWorker.java:128)
at java.base/java.util.ArrayList.forEach(ArrayList.java:1511)
at org.testng.TestRunner.privateRun(TestRunner.java:794)
at org.testng.TestRunner.run(TestRunner.java:596)
at org.testng.SuiteRunner.runTest(SuiteRunner.java:377)
at org.testng.SuiteRunner.runSequentially(SuiteRunner.java:371)
at org.testng.SuiteRunner.privateRun(SuiteRunner.java:332)
at org.testng.SuiteRunner.run(SuiteRunner.java:276)
at org.testng.SuiteRunnerWorker.runSuite(SuiteRunnerWorker.java:53)
at org.testng.SuiteRunnerWorker.run(SuiteRunnerWorker.java:96)
at org.testng.TestNG.runSuitesSequentially(TestNG.java:1212)
at org.testng.TestNG.runSuitesLocally(TestNG.java:1134)
at org.testng.TestNG.runSuites(TestNG.java:1063)
at org.testng.TestNG.run(TestNG.java:1031)
at org.testng.remote.AbstractRemoteTestNG.run(AbstractRemoteTestNG.java:115)
at org.testng.remote.RemoteTestNG.initAndRun(RemoteTestNG.java:251)
at org.testng.remote.RemoteTestNG.main(RemoteTestNG.java:77)
]]>
            </full-stacktrace>
          </exception> <!-- org.openqa.selenium.NoSuchElementException -->
          <reporter-output>
          </reporter-output>
        </test-method> <!-- orderSuccessConfirmationTxt -->
        <test-method signature="Login(java.lang.String,java.lang.String)[pri:1, instance:tests.CreateOrderEndToEndTest@1b1426f4]" started-at="2022-04-14T19:59:33 EET" name="Login" data-provider="loginData" finished-at="2022-04-14T20:00:18 EET" duration-ms="44525" status="PASS">
          <params>
            <param index="0">
              <value>
                <![CDATA[admin]]>
              </value>
            </param>
            <param index="1">
              <value>
                <![CDATA[admin]]>
              </value>
            </param>
          </params>
          <reporter-output>
          </reporter-output>
        </test-method> <!-- Login -->
        <test-method signature="goToPaymentAddress(java.lang.String,java.lang.String,java.lang.String,java.lang.String)[pri:2, instance:tests.CreateOrderEndToEndTest@1b1426f4]" started-at="2022-04-14T20:00:18 EET" name="goToPaymentAddress" data-provider="orderCreationData" finished-at="2022-04-14T20:00:25 EET" duration-ms="7041" status="PASS">
          <params>
            <param index="0">
              <value>
                <![CDATA[sahar]]>
              </value>
            </param>
            <param index="1">
              <value>
                <![CDATA[hassan]]>
              </value>
            </param>
            <param index="2">
              <value>
                <![CDATA[sahar.hassan@expandcart.com]]>
              </value>
            </param>
            <param index="3">
              <value>
                <![CDATA[01005820775]]>
              </value>
            </param>
          </params>
          <reporter-output>
          </reporter-output>
        </test-method> <!-- goToPaymentAddress -->
        <test-method signature="goToShippingAddress(java.lang.String)[pri:3, instance:tests.CreateOrderEndToEndTest@1b1426f4]" started-at="2022-04-14T20:00:25 EET" name="goToShippingAddress" data-provider="addressPageData" finished-at="2022-04-14T20:00:43 EET" duration-ms="18114" status="PASS">
          <params>
            <param index="0">
              <value>
                <![CDATA[6th of october]]>
              </value>
            </param>
          </params>
          <reporter-output>
          </reporter-output>
        </test-method> <!-- goToShippingAddress -->
        <test-method signature="searchForProduct(java.lang.String)[pri:4, instance:tests.CreateOrderEndToEndTest@1b1426f4]" started-at="2022-04-14T20:00:43 EET" name="searchForProduct" data-provider="productSelectionData" finished-at="2022-04-14T20:00:54 EET" duration-ms="11537" status="PASS">
          <params>
            <param index="0">
              <value>
                <![CDATA[iphone]]>
              </value>
            </param>
          </params>
          <reporter-output>
          </reporter-output>
        </test-method> <!-- searchForProduct -->
        <test-method signature="addComment(java.lang.String)[pri:5, instance:tests.CreateOrderEndToEndTest@1b1426f4]" started-at="2022-04-14T20:00:54 EET" name="addComment" data-provider="addCommentData" finished-at="2022-04-14T20:01:09 EET" duration-ms="14718" status="PASS">
          <params>
            <param index="0">
              <value>
                <![CDATA[comment]]>
              </value>
            </param>
          </params>
          <reporter-output>
          </reporter-output>
        </test-method> <!-- addComment -->
        <test-method is-config="true" signature="teardown()[pri:0, instance:tests.CreateOrderEndToEndTest@1b1426f4]" started-at="2022-04-14T20:01:09 EET" name="teardown" finished-at="2022-04-14T20:01:09 EET" duration-ms="0" status="PASS">
          <reporter-output>
          </reporter-output>
        </test-method> <!-- teardown -->
      </class> <!-- tests.CreateOrderEndToEndTest -->
    </test> <!-- Default test -->
  </suite> <!-- Default suite -->
</testng-results>
